<?xml version="1.0" encoding="UTF-8"?>
<testsuite name="com.flyit.main.LibraryTest" tests="2" skipped="0" failures="0" errors="0" timestamp="2016-06-25T11:22:07" hostname="DESKTOP-R1VBDGQ" time="0.006">
  <properties/>
  <testcase name="testSomeLibraryMethod" classname="com.flyit.main.LibraryTest" time="0.004"/>
  <testcase name="testFail" classname="com.flyit.main.LibraryTest" time="0.001"/>
  <system-out><![CDATA[]]></system-out>
  <system-err><![CDATA[]]></system-err>
</testsuite>
